<?xml version="1.0" encoding="UTF-8"?>
<testng-results ignored="1" total="1" passed="0" failed="0" skipped="0">
  <reporter-output>
  </reporter-output>
  <suite started-at="2021-06-05T21:58:22 EET" name="Default suite" finished-at="2021-06-05T21:58:22 EET" duration-ms="11">
    <groups>
    </groups>
    <test started-at="2021-06-05T21:58:22 EET" name="Default test" finished-at="2021-06-05T21:58:22 EET" duration-ms="11">
    </test> <!-- Default test -->
  </suite> <!-- Default suite -->
</testng-results>
